[1.436s] running egg_info
[1.437s] creating /home/mchael/ROS/ros2_workspace/src/rover/build/rover/rover.egg-info
[1.454s] writing /home/mchael/ROS/ros2_workspace/src/rover/build/rover/rover.egg-info/PKG-INFO
[1.456s] writing dependency_links to /home/mchael/ROS/ros2_workspace/src/rover/build/rover/rover.egg-info/dependency_links.txt
[1.456s] writing entry points to /home/mchael/ROS/ros2_workspace/src/rover/build/rover/rover.egg-info/entry_points.txt
[1.456s] writing requirements to /home/mchael/ROS/ros2_workspace/src/rover/build/rover/rover.egg-info/requires.txt
[1.457s] writing top-level names to /home/mchael/ROS/ros2_workspace/src/rover/build/rover/rover.egg-info/top_level.txt
[1.457s] writing manifest file '/home/mchael/ROS/ros2_workspace/src/rover/build/rover/rover.egg-info/SOURCES.txt'
[1.578s] reading manifest file '/home/mchael/ROS/ros2_workspace/src/rover/build/rover/rover.egg-info/SOURCES.txt'
[1.581s] writing manifest file '/home/mchael/ROS/ros2_workspace/src/rover/build/rover/rover.egg-info/SOURCES.txt'
[1.582s] running build
[1.582s] running build_py
[1.583s] creating /home/mchael/ROS/ros2_workspace/src/rover/build/rover/build
[1.583s] creating /home/mchael/ROS/ros2_workspace/src/rover/build/rover/build/lib
[1.583s] creating /home/mchael/ROS/ros2_workspace/src/rover/build/rover/build/lib/rover
[1.584s] copying rover/joystick.py -> /home/mchael/ROS/ros2_workspace/src/rover/build/rover/build/lib/rover
[1.584s] copying rover/motor.py -> /home/mchael/ROS/ros2_workspace/src/rover/build/rover/build/lib/rover
[1.585s] copying rover/driver.py -> /home/mchael/ROS/ros2_workspace/src/rover/build/rover/build/lib/rover
[1.585s] copying rover/py.py -> /home/mchael/ROS/ros2_workspace/src/rover/build/rover/build/lib/rover
[1.585s] copying rover/__init__.py -> /home/mchael/ROS/ros2_workspace/src/rover/build/rover/build/lib/rover
[1.586s] copying rover/controller.py -> /home/mchael/ROS/ros2_workspace/src/rover/build/rover/build/lib/rover
[1.586s] running install
[1.586s] running install_lib
[1.588s] creating /home/mchael/ROS/ros2_workspace/src/rover/install/rover/lib/python3.6/site-packages/rover
[1.589s] copying /home/mchael/ROS/ros2_workspace/src/rover/build/rover/build/lib/rover/joystick.py -> /home/mchael/ROS/ros2_workspace/src/rover/install/rover/lib/python3.6/site-packages/rover
[1.589s] copying /home/mchael/ROS/ros2_workspace/src/rover/build/rover/build/lib/rover/motor.py -> /home/mchael/ROS/ros2_workspace/src/rover/install/rover/lib/python3.6/site-packages/rover
[1.590s] copying /home/mchael/ROS/ros2_workspace/src/rover/build/rover/build/lib/rover/driver.py -> /home/mchael/ROS/ros2_workspace/src/rover/install/rover/lib/python3.6/site-packages/rover
[1.590s] copying /home/mchael/ROS/ros2_workspace/src/rover/build/rover/build/lib/rover/py.py -> /home/mchael/ROS/ros2_workspace/src/rover/install/rover/lib/python3.6/site-packages/rover
[1.590s] copying /home/mchael/ROS/ros2_workspace/src/rover/build/rover/build/lib/rover/__init__.py -> /home/mchael/ROS/ros2_workspace/src/rover/install/rover/lib/python3.6/site-packages/rover
[1.591s] copying /home/mchael/ROS/ros2_workspace/src/rover/build/rover/build/lib/rover/controller.py -> /home/mchael/ROS/ros2_workspace/src/rover/install/rover/lib/python3.6/site-packages/rover
[1.591s] byte-compiling /home/mchael/ROS/ros2_workspace/src/rover/install/rover/lib/python3.6/site-packages/rover/joystick.py to joystick.cpython-36.pyc
[1.591s] byte-compiling /home/mchael/ROS/ros2_workspace/src/rover/install/rover/lib/python3.6/site-packages/rover/motor.py to motor.cpython-36.pyc
[1.592s] byte-compiling /home/mchael/ROS/ros2_workspace/src/rover/install/rover/lib/python3.6/site-packages/rover/driver.py to driver.cpython-36.pyc
[1.593s] byte-compiling /home/mchael/ROS/ros2_workspace/src/rover/install/rover/lib/python3.6/site-packages/rover/py.py to py.cpython-36.pyc
[1.594s] byte-compiling /home/mchael/ROS/ros2_workspace/src/rover/install/rover/lib/python3.6/site-packages/rover/__init__.py to __init__.cpython-36.pyc
[1.595s] byte-compiling /home/mchael/ROS/ros2_workspace/src/rover/install/rover/lib/python3.6/site-packages/rover/controller.py to controller.cpython-36.pyc
[1.595s] running install_data
[1.596s] creating /home/mchael/ROS/ros2_workspace/src/rover/install/rover/share/ament_index
[1.596s] creating /home/mchael/ROS/ros2_workspace/src/rover/install/rover/share/ament_index/resource_index
[1.596s] creating /home/mchael/ROS/ros2_workspace/src/rover/install/rover/share/ament_index/resource_index/packages
[1.597s] copying resource/rover -> /home/mchael/ROS/ros2_workspace/src/rover/install/rover/share/ament_index/resource_index/packages
[1.597s] copying package.xml -> /home/mchael/ROS/ros2_workspace/src/rover/install/rover/share/rover
[1.598s] copying launch/rover.launch.py -> /home/mchael/ROS/ros2_workspace/src/rover/install/rover/share/rover
[1.598s] copying launch/config.yml -> /home/mchael/ROS/ros2_workspace/src/rover/install/rover/share/rover
[1.598s] running install_egg_info
[1.600s] Copying /home/mchael/ROS/ros2_workspace/src/rover/build/rover/rover.egg-info to /home/mchael/ROS/ros2_workspace/src/rover/install/rover/lib/python3.6/site-packages/rover-0.0.0-py3.6.egg-info
[1.601s] running install_scripts
[1.650s] Installing controller script to /home/mchael/ROS/ros2_workspace/src/rover/install/rover/lib/rover
[1.651s] writing list of installed files to '/home/mchael/ROS/ros2_workspace/src/rover/build/rover/install.log'
