/home/mchael/ROS/ros2_workspace/src/rover/install/rover/lib/python3.6/site-packages/rover/joystick.py
/home/mchael/ROS/ros2_workspace/src/rover/install/rover/lib/python3.6/site-packages/rover/motor.py
/home/mchael/ROS/ros2_workspace/src/rover/install/rover/lib/python3.6/site-packages/rover/driver.py
/home/mchael/ROS/ros2_workspace/src/rover/install/rover/lib/python3.6/site-packages/rover/py.py
/home/mchael/ROS/ros2_workspace/src/rover/install/rover/lib/python3.6/site-packages/rover/__init__.py
/home/mchael/ROS/ros2_workspace/src/rover/install/rover/lib/python3.6/site-packages/rover/controller.py
/home/mchael/ROS/ros2_workspace/src/rover/install/rover/lib/python3.6/site-packages/rover/__pycache__/joystick.cpython-36.pyc
/home/mchael/ROS/ros2_workspace/src/rover/install/rover/lib/python3.6/site-packages/rover/__pycache__/motor.cpython-36.pyc
/home/mchael/ROS/ros2_workspace/src/rover/install/rover/lib/python3.6/site-packages/rover/__pycache__/driver.cpython-36.pyc
/home/mchael/ROS/ros2_workspace/src/rover/install/rover/lib/python3.6/site-packages/rover/__pycache__/py.cpython-36.pyc
/home/mchael/ROS/ros2_workspace/src/rover/install/rover/lib/python3.6/site-packages/rover/__pycache__/__init__.cpython-36.pyc
/home/mchael/ROS/ros2_workspace/src/rover/install/rover/lib/python3.6/site-packages/rover/__pycache__/controller.cpython-36.pyc
/home/mchael/ROS/ros2_workspace/src/rover/install/rover/share/ament_index/resource_index/packages/rover
/home/mchael/ROS/ros2_workspace/src/rover/install/rover/share/rover/package.xml
/home/mchael/ROS/ros2_workspace/src/rover/install/rover/share/rover/rover.launch.py
/home/mchael/ROS/ros2_workspace/src/rover/install/rover/share/rover/config.yml
/home/mchael/ROS/ros2_workspace/src/rover/install/rover/lib/python3.6/site-packages/rover-0.0.0-py3.6.egg-info/SOURCES.txt
/home/mchael/ROS/ros2_workspace/src/rover/install/rover/lib/python3.6/site-packages/rover-0.0.0-py3.6.egg-info/PKG-INFO
/home/mchael/ROS/ros2_workspace/src/rover/install/rover/lib/python3.6/site-packages/rover-0.0.0-py3.6.egg-info/top_level.txt
/home/mchael/ROS/ros2_workspace/src/rover/install/rover/lib/python3.6/site-packages/rover-0.0.0-py3.6.egg-info/dependency_links.txt
/home/mchael/ROS/ros2_workspace/src/rover/install/rover/lib/python3.6/site-packages/rover-0.0.0-py3.6.egg-info/zip-safe
/home/mchael/ROS/ros2_workspace/src/rover/install/rover/lib/python3.6/site-packages/rover-0.0.0-py3.6.egg-info/entry_points.txt
/home/mchael/ROS/ros2_workspace/src/rover/install/rover/lib/python3.6/site-packages/rover-0.0.0-py3.6.egg-info/requires.txt
/home/mchael/ROS/ros2_workspace/src/rover/install/rover/lib/rover/controller
